Using pre-set license
Built from '6000.0/release' branch; Version is '6000.0.44f1 (101c91f3a8fb) revision 1055889'; Using compiler version '193933523'; Build Type 'Release'
OS: 'Windows 11  (10.0.26100) 64bit Core' Language: 'en' Physical Memory: 15724 MB
BatchMode: 1, IsHumanControllingUs: 0, StartBugReporterOnCrash: 0, Is64bit: 1, IsPro: 1

COMMAND LINE ARGUMENTS:
C:\Program Files\Unity\Hub\Editor\6000.0.44f1\Editor\Unity.exe
-adb2
-batchMode
-noUpm
-name
AssetImportWorker30
-projectPath
C:/Users/emily/OneDrive/Documents/Unity Projects/Washing-Stuff-Puzzles/WashingStuff
-logFile
Logs/AssetImportWorker30.log
-srvPort
59346
-job-worker-count
7
-background-job-worker-count
8
-gc-helper-count
1
Successfully changed project path to: C:/Users/emily/OneDrive/Documents/Unity Projects/Washing-Stuff-Puzzles/WashingStuff
C:/Users/emily/OneDrive/Documents/Unity Projects/Washing-Stuff-Puzzles/WashingStuff
[UnityMemory] Configuration Parameters - Can be set up in boot.config
    "memorysetup-bucket-allocator-granularity=16"
    "memorysetup-bucket-allocator-bucket-count=8"
    "memorysetup-bucket-allocator-block-size=33554432"
    "memorysetup-bucket-allocator-block-count=8"
    "memorysetup-main-allocator-block-size=16777216"
    "memorysetup-thread-allocator-block-size=16777216"
    "memorysetup-gfx-main-allocator-block-size=16777216"
    "memorysetup-gfx-thread-allocator-block-size=16777216"
    "memorysetup-cache-allocator-block-size=4194304"
    "memorysetup-typetree-allocator-block-size=2097152"
    "memorysetup-profiler-bucket-allocator-granularity=16"
    "memorysetup-profiler-bucket-allocator-bucket-count=8"
    "memorysetup-profiler-bucket-allocator-block-size=33554432"
    "memorysetup-profiler-bucket-allocator-block-count=8"
    "memorysetup-profiler-allocator-block-size=16777216"
    "memorysetup-profiler-editor-allocator-block-size=1048576"
    "memorysetup-temp-allocator-size-main=16777216"
    "memorysetup-job-temp-allocator-block-size=2097152"
    "memorysetup-job-temp-allocator-block-size-background=1048576"
    "memorysetup-job-temp-allocator-reduction-small-platforms=262144"
    "memorysetup-allocator-temp-initial-block-size-main=262144"
    "memorysetup-allocator-temp-initial-block-size-worker=262144"
    "memorysetup-temp-allocator-size-background-worker=32768"
    "memorysetup-temp-allocator-size-job-worker=262144"
    "memorysetup-temp-allocator-size-preload-manager=33554432"
    "memorysetup-temp-allocator-size-nav-mesh-worker=65536"
    "memorysetup-temp-allocator-size-audio-worker=65536"
    "memorysetup-temp-allocator-size-cloud-worker=32768"
    "memorysetup-temp-allocator-size-gi-baking-worker=262144"
    "memorysetup-temp-allocator-size-gi-baking-worker=262144"
    "memorysetup-temp-allocator-size-gi-baking-worker=262144"
    "memorysetup-temp-allocator-size-gi-baking-worker=262144"
    "memorysetup-temp-allocator-size-gi-baking-worker=262144"
    "memorysetup-temp-allocator-size-gfx=262144"
Player connection [26216]  Target information:

Player connection [26216]  * "[IP] 10.3.26.188 [Port] 0 [Flags] 2 [Guid] 3403424241 [EditorId] 3403424241 [Version] 1048832 [Id] WindowsEditor(7,LAPTOP-KDUKOO6P) [Debug] 1 [PackageName] WindowsEditor [ProjectName] Editor" 

Player connection [26216] Host joined multi-casting on [225.0.0.222:54997]...
Player connection [26216] Host joined alternative multi-casting on [225.0.0.222:34997]...
JobSystem: Creating JobQueue using job-worker-count value 7
Input System module state changed to: Initialized.
[Physics::Module] Initialized fallback backend.
[Physics::Module] Id: 0xdecafbad
Library Redirect Path: Library/
[Physics::Module] Selected backend.
[Physics::Module] Name: PhysX
[Physics::Module] Id: 0xf2b8ea05
[Physics::Module] SDK Version: 4.1.2
[Physics::Module] Integration Version: 1.0.0
[Physics::Module] Threading Mode: Multi-Threaded
Refreshing native plugins compatible for Editor in 3.33 ms, found 3 plugins.
Preloading 0 native plugins for Editor in 0.00 ms.
Initialize engine version: 6000.0.44f1 (101c91f3a8fb)
[Subsystems] Discovering subsystems at path C:/Program Files/Unity/Hub/Editor/6000.0.44f1/Editor/Data/Resources/UnitySubsystems
[Subsystems] Discovering subsystems at path C:/Users/emily/OneDrive/Documents/Unity Projects/Washing-Stuff-Puzzles/WashingStuff/Assets
GfxDevice: creating device client; kGfxThreadingModeNonThreaded
Direct3D:
    Version:  Direct3D 11.0 [level 11.1]
    Renderer: NVIDIA GeForce RTX 3060 Laptop GPU (ID=0x2520)
    Vendor:   NVIDIA
    VRAM:     5996 MB
    Driver:   32.0.15.7270
Initialize mono
Mono path[0] = 'C:/Program Files/Unity/Hub/Editor/6000.0.44f1/Editor/Data/Managed'
Mono path[1] = 'C:/Program Files/Unity/Hub/Editor/6000.0.44f1/Editor/Data/MonoBleedingEdge/lib/mono/unityjit-win32'
Mono config path = 'C:/Program Files/Unity/Hub/Editor/6000.0.44f1/Editor/Data/MonoBleedingEdge/etc'
Using monoOptions --debugger-agent=transport=dt_socket,embedding=1,server=y,suspend=n,address=127.0.0.1:56540
Begin MonoManager ReloadAssembly
Registering precompiled unity dll's ...
Register platform support module: C:/Program Files/Unity/Hub/Editor/6000.0.44f1/Editor/Data/PlaybackEngines/WindowsStandaloneSupport/UnityEditor.WindowsStandalone.Extensions.dll
Registered in 0.004338 seconds.
- Loaded All Assemblies, in  0.500 seconds
Native extension for WindowsStandalone target not found
Mono: successfully reloaded assembly
- Finished resetting the current domain, in  0.426 seconds
Domain Reload Profiling: 923ms
	BeginReloadAssembly (185ms)
		ExecutionOrderSort (0ms)
		DisableScriptedObjects (0ms)
		BackupInstance (0ms)
		ReleaseScriptingObjects (0ms)
		CreateAndSetChildDomain (1ms)
	RebuildCommonClasses (44ms)
	RebuildNativeTypeToScriptingClass (12ms)
	initialDomainReloadingComplete (64ms)
	LoadAllAssembliesAndSetupDomain (190ms)
		LoadAssemblies (180ms)
		RebuildTransferFunctionScriptingTraits (0ms)
		AnalyzeDomain (186ms)
			TypeCache.Refresh (184ms)
				TypeCache.ScanAssembly (168ms)
			BuildScriptInfoCaches (0ms)
			ResolveRequiredComponents (1ms)
	FinalizeReload (427ms)
		ReleaseScriptCaches (0ms)
		RebuildScriptCaches (0ms)
		SetupLoadedEditorAssemblies (368ms)
			LogAssemblyErrors (0ms)
			InitializePlatformSupportModulesInManaged (30ms)
			SetLoadedEditorAssemblies (6ms)
			BeforeProcessingInitializeOnLoad (64ms)
			ProcessInitializeOnLoadAttributes (191ms)
			ProcessInitializeOnLoadMethodAttributes (76ms)
			AfterProcessingInitializeOnLoad (0ms)
			EditorAssembliesLoaded (0ms)
		ExecutionOrderSort2 (0ms)
		AwakeInstancesAfterBackupRestoration (0ms)
========================================================================
Worker process is ready to serve import requests
Import Worker Mode flag is 0x00
Begin MonoManager ReloadAssembly
- Loaded All Assemblies, in  1.163 seconds
Refreshing native plugins compatible for Editor in 1.16 ms, found 3 plugins.
Native extension for WindowsStandalone target not found
Mono: successfully reloaded assembly
- Finished resetting the current domain, in  0.932 seconds
Domain Reload Profiling: 2086ms
	BeginReloadAssembly (309ms)
		ExecutionOrderSort (0ms)
		DisableScriptedObjects (12ms)
		BackupInstance (0ms)
		ReleaseScriptingObjects (0ms)
		CreateAndSetChildDomain (64ms)
	RebuildCommonClasses (51ms)
	RebuildNativeTypeToScriptingClass (14ms)
	initialDomainReloadingComplete (64ms)
	LoadAllAssembliesAndSetupDomain (716ms)
		LoadAssemblies (586ms)
		RebuildTransferFunctionScriptingTraits (0ms)
		AnalyzeDomain (307ms)
			TypeCache.Refresh (226ms)
				TypeCache.ScanAssembly (207ms)
			BuildScriptInfoCaches (61ms)
			ResolveRequiredComponents (15ms)
	FinalizeReload (933ms)
		ReleaseScriptCaches (0ms)
		RebuildScriptCaches (0ms)
		SetupLoadedEditorAssemblies (717ms)
			LogAssemblyErrors (0ms)
			InitializePlatformSupportModulesInManaged (3ms)
			SetLoadedEditorAssemblies (6ms)
			BeforeProcessingInitializeOnLoad (148ms)
			ProcessInitializeOnLoadAttributes (455ms)
			ProcessInitializeOnLoadMethodAttributes (96ms)
			AfterProcessingInitializeOnLoad (9ms)
			EditorAssembliesLoaded (0ms)
		ExecutionOrderSort2 (0ms)
		AwakeInstancesAfterBackupRestoration (12ms)
Launched and connected shader compiler UnityShaderCompiler.exe after 0.02 seconds
Refreshing native plugins compatible for Editor in 1.94 ms, found 3 plugins.
Preloading 0 native plugins for Editor in 0.00 ms.
Unloading 206 Unused Serialized files (Serialized files now loaded: 0)
Unloading 5560 unused Assets / (4.6 MB). Loaded Objects now: 6235.
Memory consumption went from 157.9 MB to 153.4 MB.
Total: 19.873300 ms (FindLiveObjects: 1.787100 ms CreateObjectMapping: 1.879400 ms MarkObjects: 11.068200 ms  DeleteObjects: 5.136500 ms)

========================================================================
Received Import Request.
  Time since last request: 513639.956028 seconds.
  path: Assets/Materials/Blue.mat
  artifactKey: Guid(937d2959be5b3dc43b8c03d41d9d1e42) Importer(815301076,1909f56bfc062723c751e8b465ee728b)
Start importing Assets/Materials/Blue.mat using Guid(937d2959be5b3dc43b8c03d41d9d1e42) Importer(815301076,1909f56bfc062723c751e8b465ee728b) (PreviewImporter) -> (artifact id: 'c28a3edf6d3eaf4c8237c2993a5f6637') in 0.8692593 seconds
Number of updated asset objects reloaded before import = 0Number of asset objects unloaded after import = 2

========================================================================
Received Import Request.
  Time since last request: 4.977842 seconds.
  path: Assets/PolygonFarm/Materials/PolygonFarm_03_A.mat
  artifactKey: Guid(a366bdc638fe7e54b84cefd5ce0be9cd) Importer(815301076,1909f56bfc062723c751e8b465ee728b)
Start importing Assets/PolygonFarm/Materials/PolygonFarm_03_A.mat using Guid(a366bdc638fe7e54b84cefd5ce0be9cd) Importer(815301076,1909f56bfc062723c751e8b465ee728b) (PreviewImporter) -> (artifact id: '9fa2d4917b95040bc092e5f50a75adc0') in 0.7852294 seconds
Number of updated asset objects reloaded before import = 0Number of asset objects unloaded after import = 3

========================================================================
Received Import Request.
  Time since last request: 1.520308 seconds.
  path: Assets/PolygonFarm/Materials/Misc/PolygonFarm_Leaf_01.mat
  artifactKey: Guid(da5a311d3775332478c396918dda3aaa) Importer(815301076,1909f56bfc062723c751e8b465ee728b)
Start importing Assets/PolygonFarm/Materials/Misc/PolygonFarm_Leaf_01.mat using Guid(da5a311d3775332478c396918dda3aaa) Importer(815301076,1909f56bfc062723c751e8b465ee728b) (PreviewImporter) -> (artifact id: '0940878fcd3ecfb6bcfd3aed02265a82') in 0.9298308 seconds
Number of updated asset objects reloaded before import = 0Number of asset objects unloaded after import = 3

========================================================================
Received Import Request.
  Time since last request: 1044.661286 seconds.
  path: Assets/PolygonFarm/Models/FX_SprayerLocation.fbx
  artifactKey: Guid(707ed1a1111464047a27c7af016c2441) Importer(815301076,1909f56bfc062723c751e8b465ee728b)
Start importing Assets/PolygonFarm/Models/FX_SprayerLocation.fbx using Guid(707ed1a1111464047a27c7af016c2441) Importer(815301076,1909f56bfc062723c751e8b465ee728b) (PreviewImporter) -> (artifact id: '23fa539704dbf743a46eb70767ff8ddf') in 0.0659748 seconds
Number of updated asset objects reloaded before import = 0Number of asset objects unloaded after import = 7

========================================================================
Received Import Request.
  Time since last request: 0.000041 seconds.
  path: Assets/PolygonFarm/Models/CollisionConvex/SM_Prop_LetterBox_Group_01_Convex.asset
  artifactKey: Guid(915db489b9bd3bf4bb5268c8b7eabd2a) Importer(815301076,1909f56bfc062723c751e8b465ee728b)
Start importing Assets/PolygonFarm/Models/CollisionConvex/SM_Prop_LetterBox_Group_01_Convex.asset using Guid(915db489b9bd3bf4bb5268c8b7eabd2a) Importer(815301076,1909f56bfc062723c751e8b465ee728b) (PreviewImporter) -> (artifact id: '4bd8278cbec1ce2bb51451714e584fb0') in 0.0197645 seconds
Number of updated asset objects reloaded before import = 0Number of asset objects unloaded after import = 3

========================================================================
Received Import Request.
  Time since last request: 0.000035 seconds.
  path: Assets/PolygonFarm/Models/CollisionConvex/SM_Prop_Hemp_01_S_Convex.asset
  artifactKey: Guid(a013f3e5d44098d43a27719342eb09de) Importer(815301076,1909f56bfc062723c751e8b465ee728b)
Start importing Assets/PolygonFarm/Models/CollisionConvex/SM_Prop_Hemp_01_S_Convex.asset using Guid(a013f3e5d44098d43a27719342eb09de) Importer(815301076,1909f56bfc062723c751e8b465ee728b) (PreviewImporter) -> (artifact id: '943d2edb476e8a74c32964831cf50218') in 0.0203002 seconds
Number of updated asset objects reloaded before import = 0Number of asset objects unloaded after import = 3

========================================================================
Received Import Request.
  Time since last request: 0.000034 seconds.
  path: Assets/PolygonFarm/Models/CollisionConvex/SM_Prop_Hemp_01_M_Convex.asset
  artifactKey: Guid(eaa5360f218da5c468cb1424ae1199e4) Importer(815301076,1909f56bfc062723c751e8b465ee728b)
Start importing Assets/PolygonFarm/Models/CollisionConvex/SM_Prop_Hemp_01_M_Convex.asset using Guid(eaa5360f218da5c468cb1424ae1199e4) Importer(815301076,1909f56bfc062723c751e8b465ee728b) (PreviewImporter) -> (artifact id: '70d46026033232c5314e7d584e667764') in 0.0257508 seconds
Number of updated asset objects reloaded before import = 0Number of asset objects unloaded after import = 3

========================================================================
Received Import Request.
  Time since last request: 0.000040 seconds.
  path: Assets/PolygonFarm/Models/CollisionConvex/SM_Prop_LetterBox_Generic_01_Convex.asset
  artifactKey: Guid(56df083b5990d81489586685fdcea2c3) Importer(815301076,1909f56bfc062723c751e8b465ee728b)
Start importing Assets/PolygonFarm/Models/CollisionConvex/SM_Prop_LetterBox_Generic_01_Convex.asset using Guid(56df083b5990d81489586685fdcea2c3) Importer(815301076,1909f56bfc062723c751e8b465ee728b) (PreviewImporter) -> (artifact id: '08147cf128d03c179e00a9799475a513') in 0.020345 seconds
Number of updated asset objects reloaded before import = 0Number of asset objects unloaded after import = 3

========================================================================
Received Import Request.
  Time since last request: 0.000030 seconds.
  path: Assets/PolygonFarm/Models/CollisionConvex/SM_Prop_Horse_Jump_03_Convex.asset
  artifactKey: Guid(1802ac5fd8fdaaf4ea7f37ad5685f570) Importer(815301076,1909f56bfc062723c751e8b465ee728b)
Start importing Assets/PolygonFarm/Models/CollisionConvex/SM_Prop_Horse_Jump_03_Convex.asset using Guid(1802ac5fd8fdaaf4ea7f37ad5685f570) Importer(815301076,1909f56bfc062723c751e8b465ee728b) (PreviewImporter) -> (artifact id: '154f3af2e1f2ae314feb6a8d309026f2') in 0.0206563 seconds
Number of updated asset objects reloaded before import = 0Number of asset objects unloaded after import = 3

========================================================================
Received Import Request.
  Time since last request: 0.000024 seconds.
  path: Assets/PolygonFarm/Models/FX_Wheat_Location.fbx
  artifactKey: Guid(59189afdb3ab82444ac66bac8f51f224) Importer(815301076,1909f56bfc062723c751e8b465ee728b)
Start importing Assets/PolygonFarm/Models/FX_Wheat_Location.fbx using Guid(59189afdb3ab82444ac66bac8f51f224) Importer(815301076,1909f56bfc062723c751e8b465ee728b) (PreviewImporter) -> (artifact id: 'c86017692e7ec0857c8ab0b1772ba39a') in 0.0276851 seconds
Number of updated asset objects reloaded before import = 0Number of asset objects unloaded after import = 7

========================================================================
Received Import Request.
  Time since last request: 0.000029 seconds.
  path: Assets/PolygonFarm/Models/CollisionConvex/SM_Prop_LetterBox_07_Convex.asset
  artifactKey: Guid(63300d7cbc9837d4bbde6482cd18d36e) Importer(815301076,1909f56bfc062723c751e8b465ee728b)
Start importing Assets/PolygonFarm/Models/CollisionConvex/SM_Prop_LetterBox_07_Convex.asset using Guid(63300d7cbc9837d4bbde6482cd18d36e) Importer(815301076,1909f56bfc062723c751e8b465ee728b) (PreviewImporter) -> (artifact id: '7f95f970619fd6a4cd15b4b518ca7560') in 0.0311367 seconds
Number of updated asset objects reloaded before import = 0Number of asset objects unloaded after import = 3

========================================================================
Received Import Request.
  Time since last request: 0.000039 seconds.
  path: Assets/PolygonFarm/Models/CollisionConvex/SM_Prop_Lettuce_01_L_Convex.asset
  artifactKey: Guid(2048a0881b76925429f164e9dbf6f45f) Importer(815301076,1909f56bfc062723c751e8b465ee728b)
Start importing Assets/PolygonFarm/Models/CollisionConvex/SM_Prop_Lettuce_01_L_Convex.asset using Guid(2048a0881b76925429f164e9dbf6f45f) Importer(815301076,1909f56bfc062723c751e8b465ee728b) (PreviewImporter) -> (artifact id: '3e223c2786e2468f20990fd5e4d8ff6b') in 0.017073 seconds
Number of updated asset objects reloaded before import = 0Number of asset objects unloaded after import = 3

========================================================================
Received Import Request.
  Time since last request: 0.000033 seconds.
  path: Assets/PolygonFarm/Models/CollisionConvex/SM_Prop_LetterBox_Numbers_04_Convex.asset
  artifactKey: Guid(b847ceba4b635c247a1cf933585133b6) Importer(815301076,1909f56bfc062723c751e8b465ee728b)
Start importing Assets/PolygonFarm/Models/CollisionConvex/SM_Prop_LetterBox_Numbers_04_Convex.asset using Guid(b847ceba4b635c247a1cf933585133b6) Importer(815301076,1909f56bfc062723c751e8b465ee728b) (PreviewImporter) -> (artifact id: '8f30d42ae52d505d67bba7c54ed31c75') in 0.0171101 seconds
Number of updated asset objects reloaded before import = 0Number of asset objects unloaded after import = 3

========================================================================
Received Import Request.
  Time since last request: 0.000043 seconds.
  path: Assets/PolygonFarm/Models/CollisionConvex/SM_Prop_LetterBox_01_Convex.asset
  artifactKey: Guid(cdeea7ffe30acf94781c18c41df4075b) Importer(815301076,1909f56bfc062723c751e8b465ee728b)
Start importing Assets/PolygonFarm/Models/CollisionConvex/SM_Prop_LetterBox_01_Convex.asset using Guid(cdeea7ffe30acf94781c18c41df4075b) Importer(815301076,1909f56bfc062723c751e8b465ee728b) (PreviewImporter) -> (artifact id: '5a45be4a5e17a95344289d111470bcfa') in 0.0181055 seconds
Number of updated asset objects reloaded before import = 0Number of asset objects unloaded after import = 3

========================================================================
Received Import Request.
  Time since last request: 0.000031 seconds.
  path: Assets/PolygonFarm/Models/CollisionConvex/SM_Prop_Hay_Pile_01_Convex.asset
  artifactKey: Guid(f3c7f02539476314eb490de21dff8aa5) Importer(815301076,1909f56bfc062723c751e8b465ee728b)
Start importing Assets/PolygonFarm/Models/CollisionConvex/SM_Prop_Hay_Pile_01_Convex.asset using Guid(f3c7f02539476314eb490de21dff8aa5) Importer(815301076,1909f56bfc062723c751e8b465ee728b) (PreviewImporter) -> (artifact id: '097fb7a267f81b67bf96132aaa77e969') in 0.0170436 seconds
Number of updated asset objects reloaded before import = 0Number of asset objects unloaded after import = 3

========================================================================
Received Import Request.
  Time since last request: 0.000043 seconds.
  path: Assets/PolygonFarm/Models/CollisionConvex/SM_Prop_Plant_Bush_03_Chilli_Convex.asset
  artifactKey: Guid(cb56bb5b9d5aa32408c0efd874f9cfbd) Importer(815301076,1909f56bfc062723c751e8b465ee728b)
Start importing Assets/PolygonFarm/Models/CollisionConvex/SM_Prop_Plant_Bush_03_Chilli_Convex.asset using Guid(cb56bb5b9d5aa32408c0efd874f9cfbd) Importer(815301076,1909f56bfc062723c751e8b465ee728b) (PreviewImporter) -> (artifact id: '0ab2f948a27fd124e01430c970038d92') in 0.0188928 seconds
Number of updated asset objects reloaded before import = 0Number of asset objects unloaded after import = 3

========================================================================
Received Import Request.
  Time since last request: 0.000036 seconds.
  path: Assets/PolygonFarm/Models/CollisionConvex/SM_Prop_Horse_Jump_01_Convex.asset
  artifactKey: Guid(773e2d621905a75478287928b1acdc37) Importer(815301076,1909f56bfc062723c751e8b465ee728b)
Start importing Assets/PolygonFarm/Models/CollisionConvex/SM_Prop_Horse_Jump_01_Convex.asset using Guid(773e2d621905a75478287928b1acdc37) Importer(815301076,1909f56bfc062723c751e8b465ee728b) (PreviewImporter) -> (artifact id: 'c3fc9fc20556f5d9826a3aed3475278b') in 0.0237028 seconds
Number of updated asset objects reloaded before import = 0Number of asset objects unloaded after import = 3

========================================================================
Received Import Request.
  Time since last request: 0.000037 seconds.
  path: Assets/PolygonFarm/Models/CollisionConvex/SM_Prop_LetterBox_03_Convex.asset
  artifactKey: Guid(4af77cbc7a109e7498185c810aa9ff8c) Importer(815301076,1909f56bfc062723c751e8b465ee728b)
Start importing Assets/PolygonFarm/Models/CollisionConvex/SM_Prop_LetterBox_03_Convex.asset using Guid(4af77cbc7a109e7498185c810aa9ff8c) Importer(815301076,1909f56bfc062723c751e8b465ee728b) (PreviewImporter) -> (artifact id: 'd9e09df89b2d504bd1b78a6266cf73c1') in 0.0203799 seconds
Number of updated asset objects reloaded before import = 0Number of asset objects unloaded after import = 3

========================================================================
Received Import Request.
  Time since last request: 0.000029 seconds.
  path: Assets/PolygonFarm/Models/CollisionConvex/SM_Prop_Horse_Jump_03_Convex 1.asset
  artifactKey: Guid(4ef0ebe5900872a468c90e7f0cfd1363) Importer(815301076,1909f56bfc062723c751e8b465ee728b)
Start importing Assets/PolygonFarm/Models/CollisionConvex/SM_Prop_Horse_Jump_03_Convex 1.asset using Guid(4ef0ebe5900872a468c90e7f0cfd1363) Importer(815301076,1909f56bfc062723c751e8b465ee728b) (PreviewImporter) -> (artifact id: 'c8765c195f108040e101f79207bd23e0') in 0.0270427 seconds
Number of updated asset objects reloaded before import = 0Number of asset objects unloaded after import = 4

========================================================================
Received Import Request.
  Time since last request: 0.000051 seconds.
  path: Assets/PolygonFarm/Models/CollisionConvex/SM_Prop_Hay_Pile_02_Convex.asset
  artifactKey: Guid(578ff57a3fb77ee44973ee0b303df1ab) Importer(815301076,1909f56bfc062723c751e8b465ee728b)
Start importing Assets/PolygonFarm/Models/CollisionConvex/SM_Prop_Hay_Pile_02_Convex.asset using Guid(578ff57a3fb77ee44973ee0b303df1ab) Importer(815301076,1909f56bfc062723c751e8b465ee728b) (PreviewImporter) -> (artifact id: '0b3ad4430e962f671ce3a6e0e00e0249') in 0.017183 seconds
Number of updated asset objects reloaded before import = 0Number of asset objects unloaded after import = 3

========================================================================
Received Import Request.
  Time since last request: 0.000075 seconds.
  path: Assets/PolygonFarm/Models/CollisionConvex/SM_Prop_LetterBox_02_Convex.asset
  artifactKey: Guid(e7e03882dd6aa464780f630739ae560a) Importer(815301076,1909f56bfc062723c751e8b465ee728b)
Start importing Assets/PolygonFarm/Models/CollisionConvex/SM_Prop_LetterBox_02_Convex.asset using Guid(e7e03882dd6aa464780f630739ae560a) Importer(815301076,1909f56bfc062723c751e8b465ee728b) (PreviewImporter) -> (artifact id: 'e29af8cffe6176a60c7541f81defe3b5') in 0.0171282 seconds
Number of updated asset objects reloaded before import = 0Number of asset objects unloaded after import = 3

========================================================================
Received Import Request.
  Time since last request: 0.000027 seconds.
  path: Assets/PolygonFarm/Models/CollisionConvex/SM_Prop_Onion_01_L_Convex.asset
  artifactKey: Guid(bf121819c01998c4ca933f914feff969) Importer(815301076,1909f56bfc062723c751e8b465ee728b)
Start importing Assets/PolygonFarm/Models/CollisionConvex/SM_Prop_Onion_01_L_Convex.asset using Guid(bf121819c01998c4ca933f914feff969) Importer(815301076,1909f56bfc062723c751e8b465ee728b) (PreviewImporter) -> (artifact id: '40ec392c105d401cdd663f9d0293a16f') in 0.0177854 seconds
Number of updated asset objects reloaded before import = 0Number of asset objects unloaded after import = 3

========================================================================
Received Import Request.
  Time since last request: 0.000041 seconds.
  path: Assets/PolygonFarm/Models/CollisionConvex/SM_Prop_Onion_01_Convex.asset
  artifactKey: Guid(fcbb01f651ad651428e51cd3dff96d38) Importer(815301076,1909f56bfc062723c751e8b465ee728b)
Start importing Assets/PolygonFarm/Models/CollisionConvex/SM_Prop_Onion_01_Convex.asset using Guid(fcbb01f651ad651428e51cd3dff96d38) Importer(815301076,1909f56bfc062723c751e8b465ee728b) (PreviewImporter) -> (artifact id: 'b68b720f0638e20ac931c938a33636e4') in 0.0165462 seconds
Number of updated asset objects reloaded before import = 0Number of asset objects unloaded after import = 3

Editor requested this worker to shutdown with reason: Scaling down because of idle timeout
AssetImportWorker is now disconnected from the server
Process exiting
Exiting without the bug reporter. Application will terminate with return code 0