Using pre-set license
Built from '6000.0/release' branch; Version is '6000.0.44f1 (101c91f3a8fb) revision 1055889'; Using compiler version '193933523'; Build Type 'Release'
OS: 'Windows 11  (10.0.26100) 64bit Core' Language: 'en' Physical Memory: 15724 MB
BatchMode: 1, IsHumanControllingUs: 0, StartBugReporterOnCrash: 0, Is64bit: 1, IsPro: 1

COMMAND LINE ARGUMENTS:
C:\Program Files\Unity\Hub\Editor\6000.0.44f1\Editor\Unity.exe
-adb2
-batchMode
-noUpm
-name
AssetImportWorker9
-projectPath
C:/Users/emily/OneDrive/Documents/Unity Projects/Washing-Stuff-Puzzles/WashingStuff
-logFile
Logs/AssetImportWorker9.log
-srvPort
59346
-job-worker-count
7
-background-job-worker-count
8
-gc-helper-count
1
Successfully changed project path to: C:/Users/emily/OneDrive/Documents/Unity Projects/Washing-Stuff-Puzzles/WashingStuff
C:/Users/emily/OneDrive/Documents/Unity Projects/Washing-Stuff-Puzzles/WashingStuff
[UnityMemory] Configuration Parameters - Can be set up in boot.config
    "memorysetup-bucket-allocator-granularity=16"
    "memorysetup-bucket-allocator-bucket-count=8"
    "memorysetup-bucket-allocator-block-size=33554432"
    "memorysetup-bucket-allocator-block-count=8"
    "memorysetup-main-allocator-block-size=16777216"
    "memorysetup-thread-allocator-block-size=16777216"
    "memorysetup-gfx-main-allocator-block-size=16777216"
    "memorysetup-gfx-thread-allocator-block-size=16777216"
    "memorysetup-cache-allocator-block-size=4194304"
    "memorysetup-typetree-allocator-block-size=2097152"
    "memorysetup-profiler-bucket-allocator-granularity=16"
    "memorysetup-profiler-bucket-allocator-bucket-count=8"
    "memorysetup-profiler-bucket-allocator-block-size=33554432"
    "memorysetup-profiler-bucket-allocator-block-count=8"
    "memorysetup-profiler-allocator-block-size=16777216"
    "memorysetup-profiler-editor-allocator-block-size=1048576"
    "memorysetup-temp-allocator-size-main=16777216"
    "memorysetup-job-temp-allocator-block-size=2097152"
    "memorysetup-job-temp-allocator-block-size-background=1048576"
    "memorysetup-job-temp-allocator-reduction-small-platforms=262144"
    "memorysetup-allocator-temp-initial-block-size-main=262144"
    "memorysetup-allocator-temp-initial-block-size-worker=262144"
    "memorysetup-temp-allocator-size-background-worker=32768"
    "memorysetup-temp-allocator-size-job-worker=262144"
    "memorysetup-temp-allocator-size-preload-manager=33554432"
    "memorysetup-temp-allocator-size-nav-mesh-worker=65536"
    "memorysetup-temp-allocator-size-audio-worker=65536"
    "memorysetup-temp-allocator-size-cloud-worker=32768"
    "memorysetup-temp-allocator-size-gi-baking-worker=262144"
    "memorysetup-temp-allocator-size-gi-baking-worker=262144"
    "memorysetup-temp-allocator-size-gi-baking-worker=262144"
    "memorysetup-temp-allocator-size-gi-baking-worker=262144"
    "memorysetup-temp-allocator-size-gi-baking-worker=262144"
    "memorysetup-temp-allocator-size-gfx=262144"
Player connection [12600]  Target information:

Player connection [12600]  * "[IP] 10.3.26.188 [Port] 0 [Flags] 2 [Guid] 4163880362 [EditorId] 4163880362 [Version] 1048832 [Id] WindowsEditor(7,LAPTOP-KDUKOO6P) [Debug] 1 [PackageName] WindowsEditor [ProjectName] Editor" 

Player connection [12600] Host joined multi-casting on [225.0.0.222:54997]...
Player connection [12600] Host joined alternative multi-casting on [225.0.0.222:34997]...
JobSystem: Creating JobQueue using job-worker-count value 7
Input System module state changed to: Initialized.
[Physics::Module] Initialized fallback backend.
[Physics::Module] Id: 0xdecafbad
Library Redirect Path: Library/
[Physics::Module] Selected backend.
[Physics::Module] Name: PhysX
[Physics::Module] Id: 0xf2b8ea05
[Physics::Module] SDK Version: 4.1.2
[Physics::Module] Integration Version: 1.0.0
[Physics::Module] Threading Mode: Multi-Threaded
Refreshing native plugins compatible for Editor in 168.31 ms, found 3 plugins.
Preloading 0 native plugins for Editor in 0.00 ms.
Initialize engine version: 6000.0.44f1 (101c91f3a8fb)
[Subsystems] Discovering subsystems at path C:/Program Files/Unity/Hub/Editor/6000.0.44f1/Editor/Data/Resources/UnitySubsystems
[Subsystems] Discovering subsystems at path C:/Users/emily/OneDrive/Documents/Unity Projects/Washing-Stuff-Puzzles/WashingStuff/Assets
GfxDevice: creating device client; kGfxThreadingModeNonThreaded
Direct3D:
    Version:  Direct3D 11.0 [level 11.1]
    Renderer: NVIDIA GeForce RTX 3060 Laptop GPU (ID=0x2520)
    Vendor:   NVIDIA
    VRAM:     5996 MB
    Driver:   32.0.15.7270
Initialize mono
Mono path[0] = 'C:/Program Files/Unity/Hub/Editor/6000.0.44f1/Editor/Data/Managed'
Mono path[1] = 'C:/Program Files/Unity/Hub/Editor/6000.0.44f1/Editor/Data/MonoBleedingEdge/lib/mono/unityjit-win32'
Mono config path = 'C:/Program Files/Unity/Hub/Editor/6000.0.44f1/Editor/Data/MonoBleedingEdge/etc'
Using monoOptions --debugger-agent=transport=dt_socket,embedding=1,server=y,suspend=n,address=127.0.0.1:56036
Begin MonoManager ReloadAssembly
Registering precompiled unity dll's ...
Register platform support module: C:/Program Files/Unity/Hub/Editor/6000.0.44f1/Editor/Data/PlaybackEngines/WindowsStandaloneSupport/UnityEditor.WindowsStandalone.Extensions.dll
Registered in 0.012252 seconds.
- Loaded All Assemblies, in  1.984 seconds
Native extension for WindowsStandalone target not found
Mono: successfully reloaded assembly
- Finished resetting the current domain, in  2.420 seconds
Domain Reload Profiling: 4399ms
	BeginReloadAssembly (691ms)
		ExecutionOrderSort (0ms)
		DisableScriptedObjects (0ms)
		BackupInstance (0ms)
		ReleaseScriptingObjects (0ms)
		CreateAndSetChildDomain (4ms)
	RebuildCommonClasses (109ms)
	RebuildNativeTypeToScriptingClass (42ms)
	initialDomainReloadingComplete (322ms)
	LoadAllAssembliesAndSetupDomain (790ms)
		LoadAssemblies (682ms)
		RebuildTransferFunctionScriptingTraits (0ms)
		AnalyzeDomain (781ms)
			TypeCache.Refresh (778ms)
				TypeCache.ScanAssembly (723ms)
			BuildScriptInfoCaches (0ms)
			ResolveRequiredComponents (1ms)
	FinalizeReload (2444ms)
		ReleaseScriptCaches (0ms)
		RebuildScriptCaches (0ms)
		SetupLoadedEditorAssemblies (2204ms)
			LogAssemblyErrors (0ms)
			InitializePlatformSupportModulesInManaged (105ms)
			SetLoadedEditorAssemblies (49ms)
			BeforeProcessingInitializeOnLoad (348ms)
			ProcessInitializeOnLoadAttributes (1465ms)
			ProcessInitializeOnLoadMethodAttributes (236ms)
			AfterProcessingInitializeOnLoad (1ms)
			EditorAssembliesLoaded (0ms)
		ExecutionOrderSort2 (0ms)
		AwakeInstancesAfterBackupRestoration (0ms)
========================================================================
Worker process is ready to serve import requests
Import Worker Mode flag is 0x00
Begin MonoManager ReloadAssembly
- Loaded All Assemblies, in  3.560 seconds
Refreshing native plugins compatible for Editor in 18.65 ms, found 3 plugins.
Native extension for WindowsStandalone target not found
Mono: successfully reloaded assembly
- Finished resetting the current domain, in  1.679 seconds
Domain Reload Profiling: 5230ms
	BeginReloadAssembly (435ms)
		ExecutionOrderSort (0ms)
		DisableScriptedObjects (13ms)
		BackupInstance (0ms)
		ReleaseScriptingObjects (0ms)
		CreateAndSetChildDomain (76ms)
	RebuildCommonClasses (97ms)
	RebuildNativeTypeToScriptingClass (20ms)
	initialDomainReloadingComplete (77ms)
	LoadAllAssembliesAndSetupDomain (2921ms)
		LoadAssemblies (1934ms)
		RebuildTransferFunctionScriptingTraits (0ms)
		AnalyzeDomain (1241ms)
			TypeCache.Refresh (1073ms)
				TypeCache.ScanAssembly (1022ms)
			BuildScriptInfoCaches (140ms)
			ResolveRequiredComponents (21ms)
	FinalizeReload (1680ms)
		ReleaseScriptCaches (0ms)
		RebuildScriptCaches (0ms)
		SetupLoadedEditorAssemblies (1441ms)
			LogAssemblyErrors (0ms)
			InitializePlatformSupportModulesInManaged (4ms)
			SetLoadedEditorAssemblies (10ms)
			BeforeProcessingInitializeOnLoad (362ms)
			ProcessInitializeOnLoadAttributes (937ms)
			ProcessInitializeOnLoadMethodAttributes (114ms)
			AfterProcessingInitializeOnLoad (14ms)
			EditorAssembliesLoaded (0ms)
		ExecutionOrderSort2 (0ms)
		AwakeInstancesAfterBackupRestoration (10ms)
database is locked
Failed to delete database file Library/ShaderCache.db
database is locked
database is locked
database is locked
Launched and connected shader compiler UnityShaderCompiler.exe after 0.04 seconds
Refreshing native plugins compatible for Editor in 2.22 ms, found 3 plugins.
Preloading 0 native plugins for Editor in 0.00 ms.
Unloading 143 Unused Serialized files (Serialized files now loaded: 0)
Unloading 5579 unused Assets / (6.4 MB). Loaded Objects now: 6133.
Memory consumption went from 154.3 MB to 147.8 MB.
Total: 22.915200 ms (FindLiveObjects: 2.665500 ms CreateObjectMapping: 2.453500 ms MarkObjects: 8.912000 ms  DeleteObjects: 8.880400 ms)

========================================================================
Received Import Request.
  Time since last request: 509710.890952 seconds.
  path: Assets/PolygonFarm/Models/CollisionConvex/SM_Env_Road_Dirt_End_02_Convex.asset
  artifactKey: Guid(2eff57876f16efd4389f9001a9b0c96a) Importer(2089858483,3d70f49cd1c2eb9ae422958d1c652c6b)
Start importing Assets/PolygonFarm/Models/CollisionConvex/SM_Env_Road_Dirt_End_02_Convex.asset using Guid(2eff57876f16efd4389f9001a9b0c96a) Importer(2089858483,3d70f49cd1c2eb9ae422958d1c652c6b) (ScriptedImporter) -> (artifact id: 'c9e908596789759329075f2cdb98eb9c') in 0.3048851 seconds
Number of updated asset objects reloaded before import = 0Number of asset objects unloaded after import = 1

========================================================================
Received Import Request.
  Time since last request: 0.000048 seconds.
  path: Assets/PolygonFarm/Models/SM_Env_Pebbles_01.fbx
  artifactKey: Guid(be91abf2fb88d514fa5a0821f8243e8b) Importer(2089858483,934ff659095e30574adcf32a4c2f97b5)
Start importing Assets/PolygonFarm/Models/SM_Env_Pebbles_01.fbx using Guid(be91abf2fb88d514fa5a0821f8243e8b) Importer(2089858483,934ff659095e30574adcf32a4c2f97b5) (ScriptedImporter) -> (artifact id: 'c7464ded233a8a7067d3d9af14435e0a') in 0.3525385 seconds
Number of updated asset objects reloaded before import = 0Number of asset objects unloaded after import = 7

========================================================================
Received Import Request.
  Time since last request: 0.000046 seconds.
  path: Assets/PolygonFarm/Demo/Demo.unity
  artifactKey: Guid(28ac9a59020c6bc459f797acd217859a) Importer(2089858483,3d70f49cd1c2eb9ae422958d1c652c6b)
Start importing Assets/PolygonFarm/Demo/Demo.unity using Guid(28ac9a59020c6bc459f797acd217859a) Importer(2089858483,3d70f49cd1c2eb9ae422958d1c652c6b) (ScriptedImporter)Opening scene 'Assets/PolygonFarm/Demo/Demo.unity additively'
Loaded scene 'Assets/PolygonFarm/Demo/Demo.unity'
	Deserialize:            1424.427 ms
	Integration:            4783.464 ms
	Integration of assets:  1.170 ms
	Thread Wait Time:       -1.070 ms
	Total Operation Time:   6207.992 ms
 -> (artifact id: 'b4508ce5ef39480591d499c9e04a362f') in 12.7794154 seconds
Number of updated asset objects reloaded before import = 0Number of asset objects unloaded after import = 3193

========================================================================
Received Import Request.
  Time since last request: 0.000132 seconds.
  path: Assets/TextMesh Pro/Examples & Extras/Textures/Sunny Days - Seamless.jpg
  artifactKey: Guid(17c350171f7a3ca479f830547c66d187) Importer(2089858483,934ff659095e30574adcf32a4c2f97b5)
Start importing Assets/TextMesh Pro/Examples & Extras/Textures/Sunny Days - Seamless.jpg using Guid(17c350171f7a3ca479f830547c66d187) Importer(2089858483,934ff659095e30574adcf32a4c2f97b5) (ScriptedImporter) -> (artifact id: '443650b8681428e78d85ae64e6502fad') in 0.0473742 seconds
Number of updated asset objects reloaded before import = 0Number of asset objects unloaded after import = 1

========================================================================
Received Import Request.
  Time since last request: 0.000402 seconds.
  path: Assets/PolygonFarm/Prefabs/Props/SM_Prop_Rubbish_04.prefab
  artifactKey: Guid(3772b8dfb1a8f0a4fb05f7ed4bc0629f) Importer(2089858483,934ff659095e30574adcf32a4c2f97b5)
Start importing Assets/PolygonFarm/Prefabs/Props/SM_Prop_Rubbish_04.prefab using Guid(3772b8dfb1a8f0a4fb05f7ed4bc0629f) Importer(2089858483,934ff659095e30574adcf32a4c2f97b5) (ScriptedImporter) -> (artifact id: '94427decc61e6d6f3f8bc4d544e395d4') in 0.0355973 seconds
Number of updated asset objects reloaded before import = 0Number of asset objects unloaded after import = 9

========================================================================
Received Import Request.
  Time since last request: 0.000038 seconds.
  path: Assets/TextMesh Pro/Examples & Extras/Textures/Gradient Vertical (Color).jpg
  artifactKey: Guid(03d0538de6e24c0f819bfc9ce084dfa9) Importer(2089858483,934ff659095e30574adcf32a4c2f97b5)
Start importing Assets/TextMesh Pro/Examples & Extras/Textures/Gradient Vertical (Color).jpg using Guid(03d0538de6e24c0f819bfc9ce084dfa9) Importer(2089858483,934ff659095e30574adcf32a4c2f97b5) (ScriptedImporter) -> (artifact id: '15cab30f414bfcf6feee0cd3e41faea5') in 0.0503918 seconds
Number of updated asset objects reloaded before import = 0Number of asset objects unloaded after import = 1

========================================================================
Received Import Request.
  Time since last request: 0.000037 seconds.
  path: Assets/PolygonFarm/Prefabs/Plants/SM_Prop_Plant_Bush_02_Tomato.prefab
  artifactKey: Guid(9bf2c79eafa22814a8bd2e6b64647e20) Importer(2089858483,934ff659095e30574adcf32a4c2f97b5)
Start importing Assets/PolygonFarm/Prefabs/Plants/SM_Prop_Plant_Bush_02_Tomato.prefab using Guid(9bf2c79eafa22814a8bd2e6b64647e20) Importer(2089858483,934ff659095e30574adcf32a4c2f97b5) (ScriptedImporter) -> (artifact id: '3d2f62fb4ffb3dd83970a3bb0d250385') in 0.0330228 seconds
Number of updated asset objects reloaded before import = 0Number of asset objects unloaded after import = 9

========================================================================
Received Prepare
Refreshing native plugins compatible for Editor in 1.79 ms, found 3 plugins.
Preloading 0 native plugins for Editor in 0.00 ms.
Unloading 79 Unused Serialized files (Serialized files now loaded: 0)
Unloading 32 unused Assets / (3.0 MB). Loaded Objects now: 6184.
Memory consumption went from 142.6 MB to 139.6 MB.
Total: 13.329900 ms (FindLiveObjects: 0.706000 ms CreateObjectMapping: 1.158400 ms MarkObjects: 9.821900 ms  DeleteObjects: 1.641500 ms)

Prepare: number of updated asset objects reloaded= 0
========================================================================
Received Prepare
Refreshing native plugins compatible for Editor in 3.27 ms, found 3 plugins.
Preloading 0 native plugins for Editor in 0.00 ms.
Unloading 33 Unused Serialized files (Serialized files now loaded: 0)
Unloading 31 unused Assets / (2.9 MB). Loaded Objects now: 6186.
Memory consumption went from 138.9 MB to 135.9 MB.
Total: 17.536300 ms (FindLiveObjects: 1.015500 ms CreateObjectMapping: 1.626800 ms MarkObjects: 12.558800 ms  DeleteObjects: 2.333300 ms)

Prepare: number of updated asset objects reloaded= 0
========================================================================
Received Import Request.
  Time since last request: 100.414385 seconds.
  path: Assets/Settings/Very Low_PipelineAsset_ForwardRenderer.asset
  artifactKey: Guid(7c12f8a2f4676d347a06adbe7ae35015) Importer(2089858483,934ff659095e30574adcf32a4c2f97b5)
Start importing Assets/Settings/Very Low_PipelineAsset_ForwardRenderer.asset using Guid(7c12f8a2f4676d347a06adbe7ae35015) Importer(2089858483,934ff659095e30574adcf32a4c2f97b5) (ScriptedImporter) -> (artifact id: '52f954e8e647763dca2303a073814c19') in 0.0330231 seconds
Number of updated asset objects reloaded before import = 0Number of asset objects unloaded after import = 1

========================================================================
Received Import Request.
  Time since last request: 0.000027 seconds.
  path: Assets/TextMesh Pro/Examples & Extras/Prefabs/TextMeshPro - Prefab 2.prefab
  artifactKey: Guid(fdad9d952ae84cafb74c63f2e694d042) Importer(2089858483,934ff659095e30574adcf32a4c2f97b5)
Start importing Assets/TextMesh Pro/Examples & Extras/Prefabs/TextMeshPro - Prefab 2.prefab using Guid(fdad9d952ae84cafb74c63f2e694d042) Importer(2089858483,934ff659095e30574adcf32a4c2f97b5) (ScriptedImporter)The method get_fontSharedMaterials was not found on TextMeshPro - Prefab 2. This property will not be indexed.
UnityEngine.Debug:ExtractStackTraceNoAlloc (byte*,int,string)
UnityEngine.StackTraceUtility:ExtractStackTrace ()
UnityEngine.DebugLogHandler:Internal_Log (UnityEngine.LogType,UnityEngine.LogOption,string,UnityEngine.Object)
UnityEngine.DebugLogHandler:LogFormat (UnityEngine.LogType,UnityEngine.Object,string,object[])
UnityEngine.Logger:Log (UnityEngine.LogType,object)
UnityEngine.Debug:LogWarning (object)
UnityEditor.Rendering.Universal.MaterialReferenceBuilder:GetMaterialFromMethod (System.Reflection.MethodInfo,UnityEngine.Object,System.Func`3<string, string, string>) (at ./Library/PackageCache/com.unity.render-pipelines.universal@82fb1398b3b8/Editor/Converter/MaterialReferenceBuilder.cs:133)
UnityEditor.Rendering.Universal.ConversionIndexers:ConversionIndexer (UnityEditor.Search.CustomObjectIndexerTarget,UnityEditor.Search.ObjectIndexer) (at ./Library/PackageCache/com.unity.render-pipelines.universal@82fb1398b3b8/Editor/Converter/ConversionIndexers.cs:21)
UnityEditor.Search.ObjectIndexer:CallCustomIndexers (string,int,UnityEngine.Object,UnityEditor.SerializedObject,bool)
UnityEditor.Search.ObjectIndexer:IndexCustomProperties (string,int,UnityEngine.Object)
UnityEditor.Search.AssetIndexer:IndexCustomGameObjectProperties (string,int,UnityEngine.GameObject)
UnityEditor.Search.AssetIndexer:IndexProperties (int&,string&,bool&)
UnityEditor.Search.AssetIndexer:IndexDocument (string,bool)
UnityEditor.Search.SearchIndexEntryImporter:OnImportAsset (UnityEditor.AssetImporters.AssetImportContext)
UnityEditor.AssetImporters.ScriptedImporter:GenerateAssetData (UnityEditor.AssetImporters.AssetImportContext)

(Filename: ./Library/PackageCache/com.unity.render-pipelines.universal@82fb1398b3b8/Editor/Converter/MaterialReferenceBuilder.cs Line: 133)

 -> (artifact id: '19f18957be642b3b7a354e486a7751d6') in 0.0535753 seconds
Number of updated asset objects reloaded before import = 0Number of asset objects unloaded after import = 16

========================================================================
Received Prepare
Refreshing native plugins compatible for Editor in 2.87 ms, found 3 plugins.
Preloading 0 native plugins for Editor in 0.00 ms.
Unloading 13 Unused Serialized files (Serialized files now loaded: 0)
Unloading 13 unused Assets / (1.8 MB). Loaded Objects now: 6252.
Memory consumption went from 149.3 MB to 147.5 MB.
Total: 12.743500 ms (FindLiveObjects: 1.023600 ms CreateObjectMapping: 1.081600 ms MarkObjects: 9.687500 ms  DeleteObjects: 0.948900 ms)

Prepare: number of updated asset objects reloaded= 0
========================================================================
Received Prepare
Refreshing native plugins compatible for Editor in 3.76 ms, found 3 plugins.
Preloading 0 native plugins for Editor in 0.00 ms.
Unloading 13 Unused Serialized files (Serialized files now loaded: 0)
Unloading 13 unused Assets / (1.8 MB). Loaded Objects now: 6252.
Memory consumption went from 149.3 MB to 147.5 MB.
Total: 18.528200 ms (FindLiveObjects: 2.369600 ms CreateObjectMapping: 2.019900 ms MarkObjects: 12.990100 ms  DeleteObjects: 1.145600 ms)

Prepare: number of updated asset objects reloaded= 5
========================================================================
Received Import Request.
  Time since last request: 9.735972 seconds.
  path: Assets/Prefabs/RedBluePants.prefab
  artifactKey: Guid(1408f3fcaa7106548981178ae4788e2f) Importer(2089858483,934ff659095e30574adcf32a4c2f97b5)
Start importing Assets/Prefabs/RedBluePants.prefab using Guid(1408f3fcaa7106548981178ae4788e2f) Importer(2089858483,934ff659095e30574adcf32a4c2f97b5) (ScriptedImporter) -> (artifact id: '7eb4544ae4566ef038c518047b4effe5') in 0.042387 seconds
Number of updated asset objects reloaded before import = 0Number of asset objects unloaded after import = 35

========================================================================
Received Import Request.
  Time since last request: 0.000033 seconds.
  path: Assets/PolygonFarm/Materials/Misc/PolygonFarm_Fence.mat
  artifactKey: Guid(2845f789a0bac5746b21033a32853739) Importer(2089858483,934ff659095e30574adcf32a4c2f97b5)
Start importing Assets/PolygonFarm/Materials/Misc/PolygonFarm_Fence.mat using Guid(2845f789a0bac5746b21033a32853739) Importer(2089858483,934ff659095e30574adcf32a4c2f97b5) (ScriptedImporter) -> (artifact id: '460d90a183116e1f2aef2d8cb526dfb9') in 0.0174432 seconds
Number of updated asset objects reloaded before import = 0Number of asset objects unloaded after import = 1

========================================================================
Received Import Request.
  Time since last request: 0.000040 seconds.
  path: Assets/PolygonFarm/Models/Materials/PolygonFarm_Texture_01_A_2k.mat
  artifactKey: Guid(d0aa53788d635d64ebef76f112210297) Importer(2089858483,934ff659095e30574adcf32a4c2f97b5)
Start importing Assets/PolygonFarm/Models/Materials/PolygonFarm_Texture_01_A_2k.mat using Guid(d0aa53788d635d64ebef76f112210297) Importer(2089858483,934ff659095e30574adcf32a4c2f97b5) (ScriptedImporter) -> (artifact id: '89133755e5e8ee22129d9c8ceff386a5') in 0.0181363 seconds
Number of updated asset objects reloaded before import = 0Number of asset objects unloaded after import = 1

========================================================================
Received Import Request.
  Time since last request: 0.000036 seconds.
  path: Assets/PolygonFarm/Materials/Alts/PolygonFarm_01_C.mat
  artifactKey: Guid(b782a0026f3ce734ca45bd2ed7076f41) Importer(2089858483,934ff659095e30574adcf32a4c2f97b5)
Start importing Assets/PolygonFarm/Materials/Alts/PolygonFarm_01_C.mat using Guid(b782a0026f3ce734ca45bd2ed7076f41) Importer(2089858483,934ff659095e30574adcf32a4c2f97b5) (ScriptedImporter) -> (artifact id: '0d0d081b085ee75e4a8215edae363dd7') in 0.0141573 seconds
Number of updated asset objects reloaded before import = 0Number of asset objects unloaded after import = 1

========================================================================
Received Import Request.
  Time since last request: 0.000019 seconds.
  path: Assets/Settings/Low_PipelineAsset.asset
  artifactKey: Guid(acff55955a9b4ca489ff549cd7e031c2) Importer(2089858483,934ff659095e30574adcf32a4c2f97b5)
Start importing Assets/Settings/Low_PipelineAsset.asset using Guid(acff55955a9b4ca489ff549cd7e031c2) Importer(2089858483,934ff659095e30574adcf32a4c2f97b5) (ScriptedImporter) -> (artifact id: '3487290a1342fe5aa9641c5f67d469a1') in 0.0206491 seconds
Number of updated asset objects reloaded before import = 0Number of asset objects unloaded after import = 2

========================================================================
Received Import Request.
  Time since last request: 0.000021 seconds.
  path: Assets/Materials/Red.mat
  artifactKey: Guid(262795b12efd83d4ea31b4f15d04269f) Importer(2089858483,934ff659095e30574adcf32a4c2f97b5)
Start importing Assets/Materials/Red.mat using Guid(262795b12efd83d4ea31b4f15d04269f) Importer(2089858483,934ff659095e30574adcf32a4c2f97b5) (ScriptedImporter) -> (artifact id: 'c89a6936b2778c405bcb4c9c3a554b8b') in 0.0174343 seconds
Number of updated asset objects reloaded before import = 0Number of asset objects unloaded after import = 1

========================================================================
Received Import Request.
  Time since last request: 0.000023 seconds.
  path: Assets/Settings/Medium_PipelineAsset.asset
  artifactKey: Guid(6cdd193ef52e0e84a9a8a61c5d78ab7f) Importer(2089858483,934ff659095e30574adcf32a4c2f97b5)
Start importing Assets/Settings/Medium_PipelineAsset.asset using Guid(6cdd193ef52e0e84a9a8a61c5d78ab7f) Importer(2089858483,934ff659095e30574adcf32a4c2f97b5) (ScriptedImporter) -> (artifact id: '9a40eae73cd05569e44447bbefeee243') in 0.0161162 seconds
Number of updated asset objects reloaded before import = 0Number of asset objects unloaded after import = 2

========================================================================
Received Import Request.
  Time since last request: 0.000030 seconds.
  path: Assets/TextMesh Pro/Examples & Extras/Scenes/10 - Bullets & Numbered List ExampleSettings.lighting
  artifactKey: Guid(e2835d2a54e8f2b45946bf06ac11bf42) Importer(2089858483,934ff659095e30574adcf32a4c2f97b5)
Start importing Assets/TextMesh Pro/Examples & Extras/Scenes/10 - Bullets & Numbered List ExampleSettings.lighting using Guid(e2835d2a54e8f2b45946bf06ac11bf42) Importer(2089858483,934ff659095e30574adcf32a4c2f97b5) (ScriptedImporter) -> (artifact id: '1ff2018d7c36fc24022926fb9f49be3f') in 0.0167732 seconds
Number of updated asset objects reloaded before import = 0Number of asset objects unloaded after import = 1

========================================================================
Received Import Request.
  Time since last request: 0.000026 seconds.
  path: Assets/TextMesh Pro/Examples & Extras/Resources/Fonts & Materials/Electronic Highway Sign SDF.asset
  artifactKey: Guid(dc36b3fdc14f47ebb36fd484a67e268a) Importer(2089858483,934ff659095e30574adcf32a4c2f97b5)
Start importing Assets/TextMesh Pro/Examples & Extras/Resources/Fonts & Materials/Electronic Highway Sign SDF.asset using Guid(dc36b3fdc14f47ebb36fd484a67e268a) Importer(2089858483,934ff659095e30574adcf32a4c2f97b5) (ScriptedImporter) -> (artifact id: '2e59658b75dc1a3b789c35917af96796') in 0.0284921 seconds
Number of updated asset objects reloaded before import = 0Number of asset objects unloaded after import = 5

========================================================================
Received Import Request.
  Time since last request: 0.000019 seconds.
  path: Assets/TextMesh Pro/Examples & Extras/Scenes/10 - Bullets & Numbered List Example.unity
  artifactKey: Guid(c3f814e1d12c45568daf3dd9a86a0e61) Importer(2089858483,934ff659095e30574adcf32a4c2f97b5)
Start importing Assets/TextMesh Pro/Examples & Extras/Scenes/10 - Bullets & Numbered List Example.unity using Guid(c3f814e1d12c45568daf3dd9a86a0e61) Importer(2089858483,934ff659095e30574adcf32a4c2f97b5) (ScriptedImporter) -> (artifact id: '93d22cd519b2078674eac4553e574d3c') in 0.0165712 seconds
Number of updated asset objects reloaded before import = 0Number of asset objects unloaded after import = 1

========================================================================
Received Import Request.
  Time since last request: 0.000017 seconds.
  path: Assets/TextMesh Pro/Examples & Extras/Scenes/12 - Link ExampleSettings.lighting
  artifactKey: Guid(830154430f5f31a4da5f7c22a4615cac) Importer(2089858483,934ff659095e30574adcf32a4c2f97b5)
Start importing Assets/TextMesh Pro/Examples & Extras/Scenes/12 - Link ExampleSettings.lighting using Guid(830154430f5f31a4da5f7c22a4615cac) Importer(2089858483,934ff659095e30574adcf32a4c2f97b5) (ScriptedImporter) -> (artifact id: '94d722c1791c6da7ca0d189d485ac88a') in 0.017404 seconds
Number of updated asset objects reloaded before import = 0Number of asset objects unloaded after import = 1

========================================================================
Received Import Request.
  Time since last request: 0.000022 seconds.
  path: Assets/PolygonFarm/Materials/Misc/PolygonFarm_Water.mat
  artifactKey: Guid(a2a86c5ae886b7c44b06a6b8fa249255) Importer(2089858483,934ff659095e30574adcf32a4c2f97b5)
Start importing Assets/PolygonFarm/Materials/Misc/PolygonFarm_Water.mat using Guid(a2a86c5ae886b7c44b06a6b8fa249255) Importer(2089858483,934ff659095e30574adcf32a4c2f97b5) (ScriptedImporter) -> (artifact id: '22262b9702e3154a8e8d74c9fbf8143b') in 0.0166002 seconds
Number of updated asset objects reloaded before import = 0Number of asset objects unloaded after import = 1

========================================================================
Received Import Request.
  Time since last request: 0.000036 seconds.
  path: Assets/TextMesh Pro/Examples & Extras/Scenes/24 - Surface Shader Example.unity
  artifactKey: Guid(8c4969fd8ba94a68b07cf11f3e7a5137) Importer(2089858483,934ff659095e30574adcf32a4c2f97b5)
Start importing Assets/TextMesh Pro/Examples & Extras/Scenes/24 - Surface Shader Example.unity using Guid(8c4969fd8ba94a68b07cf11f3e7a5137) Importer(2089858483,934ff659095e30574adcf32a4c2f97b5) (ScriptedImporter) -> (artifact id: 'f7f9bce088a125e9700760876eab6d34') in 0.0192522 seconds
Number of updated asset objects reloaded before import = 0Number of asset objects unloaded after import = 1

========================================================================
Received Import Request.
  Time since last request: 0.000015 seconds.
  path: Assets/TextMesh Pro/Examples & Extras/Scenes/06 - Extra Rich Text Examples.unity
  artifactKey: Guid(39a1fa96ad2a449b908fca29d4297a74) Importer(2089858483,934ff659095e30574adcf32a4c2f97b5)
Start importing Assets/TextMesh Pro/Examples & Extras/Scenes/06 - Extra Rich Text Examples.unity using Guid(39a1fa96ad2a449b908fca29d4297a74) Importer(2089858483,934ff659095e30574adcf32a4c2f97b5) (ScriptedImporter) -> (artifact id: '0d6e6c46efca1f4b8f2369c8124faac8') in 0.0154935 seconds
Number of updated asset objects reloaded before import = 0Number of asset objects unloaded after import = 1

========================================================================
Received Import Request.
  Time since last request: 0.000019 seconds.
  path: Assets/PolygonFarm/Materials/Misc/PolygonFarm_Clouds.mat
  artifactKey: Guid(de692b10f47a331438b02e10a46a6e1d) Importer(2089858483,934ff659095e30574adcf32a4c2f97b5)
Start importing Assets/PolygonFarm/Materials/Misc/PolygonFarm_Clouds.mat using Guid(de692b10f47a331438b02e10a46a6e1d) Importer(2089858483,934ff659095e30574adcf32a4c2f97b5) (ScriptedImporter) -> (artifact id: '3432874fbeeea375ce4c76d92031a355') in 0.0152574 seconds
Number of updated asset objects reloaded before import = 0Number of asset objects unloaded after import = 1

========================================================================
Received Import Request.
  Time since last request: 0.000018 seconds.
  path: Assets/PolygonFarm/Materials/Alts/PolygonFarm_04_B.mat
  artifactKey: Guid(56a8f0c6c14457f48ab7b691aa942d0d) Importer(2089858483,934ff659095e30574adcf32a4c2f97b5)
Start importing Assets/PolygonFarm/Materials/Alts/PolygonFarm_04_B.mat using Guid(56a8f0c6c14457f48ab7b691aa942d0d) Importer(2089858483,934ff659095e30574adcf32a4c2f97b5) (ScriptedImporter) -> (artifact id: 'b6d194d6b9881f3474c8a07302cb7bfd') in 0.0159656 seconds
Number of updated asset objects reloaded before import = 0Number of asset objects unloaded after import = 1

========================================================================
Received Import Request.
  Time since last request: 0.000022 seconds.
  path: Assets/PolygonFarm/Materials/PolygonFarm_02_A.mat
  artifactKey: Guid(fcf73fdc6bcbef7458fa48497bdf600a) Importer(2089858483,934ff659095e30574adcf32a4c2f97b5)
Start importing Assets/PolygonFarm/Materials/PolygonFarm_02_A.mat using Guid(fcf73fdc6bcbef7458fa48497bdf600a) Importer(2089858483,934ff659095e30574adcf32a4c2f97b5) (ScriptedImporter) -> (artifact id: '60e3e6ce33912c5fa2cded33d0b8981b') in 0.0150669 seconds
Number of updated asset objects reloaded before import = 0Number of asset objects unloaded after import = 1

========================================================================
Received Import Request.
  Time since last request: 0.000045 seconds.
  path: Assets/PolygonFarm/Materials/Misc/Blank.mat
  artifactKey: Guid(e9d9b1fba424c5741aa50654d3c1fb06) Importer(2089858483,934ff659095e30574adcf32a4c2f97b5)
Start importing Assets/PolygonFarm/Materials/Misc/Blank.mat using Guid(e9d9b1fba424c5741aa50654d3c1fb06) Importer(2089858483,934ff659095e30574adcf32a4c2f97b5) (ScriptedImporter) -> (artifact id: 'c7833af8cc7f5937e738d63a62e97016') in 0.0134066 seconds
Number of updated asset objects reloaded before import = 0Number of asset objects unloaded after import = 1

========================================================================
Received Import Request.
  Time since last request: 0.000017 seconds.
  path: Assets/TextMesh Pro/Examples & Extras/Scenes/13 - Soft HyphenationSettings.lighting
  artifactKey: Guid(3140740d87faa5f41a7b314140d034fb) Importer(2089858483,934ff659095e30574adcf32a4c2f97b5)
Start importing Assets/TextMesh Pro/Examples & Extras/Scenes/13 - Soft HyphenationSettings.lighting using Guid(3140740d87faa5f41a7b314140d034fb) Importer(2089858483,934ff659095e30574adcf32a4c2f97b5) (ScriptedImporter) -> (artifact id: 'a498d6c1a8a648754fef5ecfb4f6fba4') in 0.0164052 seconds
Number of updated asset objects reloaded before import = 0Number of asset objects unloaded after import = 1

========================================================================
Received Import Request.
  Time since last request: 0.000023 seconds.
  path: Assets/TextMesh Pro/Examples & Extras/Scenes/01-  Single Line TextMesh Pro.unity
  artifactKey: Guid(2ac8cf212df6445e8aebbe3cb832e993) Importer(2089858483,934ff659095e30574adcf32a4c2f97b5)
Start importing Assets/TextMesh Pro/Examples & Extras/Scenes/01-  Single Line TextMesh Pro.unity using Guid(2ac8cf212df6445e8aebbe3cb832e993) Importer(2089858483,934ff659095e30574adcf32a4c2f97b5) (ScriptedImporter) -> (artifact id: '4dd739765819847f68aac9c01540027a') in 0.0173083 seconds
Number of updated asset objects reloaded before import = 0Number of asset objects unloaded after import = 1

========================================================================
Received Import Request.
  Time since last request: 0.000020 seconds.
  path: Assets/Materials/SeeTroughSphere.mat
  artifactKey: Guid(4f6b9ccdc3587c64b83d1a2a0a21311a) Importer(2089858483,934ff659095e30574adcf32a4c2f97b5)
Start importing Assets/Materials/SeeTroughSphere.mat using Guid(4f6b9ccdc3587c64b83d1a2a0a21311a) Importer(2089858483,934ff659095e30574adcf32a4c2f97b5) (ScriptedImporter) -> (artifact id: '27049384b3e3ef186784937848180f92') in 0.0180506 seconds
Number of updated asset objects reloaded before import = 0Number of asset objects unloaded after import = 1

========================================================================
Received Import Request.
  Time since last request: 0.000027 seconds.
  path: Assets/TextMesh Pro/Examples & Extras/Scenes/25 - Sunny Days ExampleSettings.lighting
  artifactKey: Guid(b27a16696154f394090a67a59b473329) Importer(2089858483,934ff659095e30574adcf32a4c2f97b5)
Start importing Assets/TextMesh Pro/Examples & Extras/Scenes/25 - Sunny Days ExampleSettings.lighting using Guid(b27a16696154f394090a67a59b473329) Importer(2089858483,934ff659095e30574adcf32a4c2f97b5) (ScriptedImporter) -> (artifact id: 'a890a3432d2cd84a02b9f7d34c3a716a') in 0.0226598 seconds
Number of updated asset objects reloaded before import = 0Number of asset objects unloaded after import = 1

========================================================================
Received Import Request.
  Time since last request: 0.000044 seconds.
  path: Assets/PolygonFarm/Materials/PolygonFarm_03_A.mat
  artifactKey: Guid(a366bdc638fe7e54b84cefd5ce0be9cd) Importer(2089858483,934ff659095e30574adcf32a4c2f97b5)
Start importing Assets/PolygonFarm/Materials/PolygonFarm_03_A.mat using Guid(a366bdc638fe7e54b84cefd5ce0be9cd) Importer(2089858483,934ff659095e30574adcf32a4c2f97b5) (ScriptedImporter) -> (artifact id: 'ff4324869859b5de9e893ba595144441') in 0.0151952 seconds
Number of updated asset objects reloaded before import = 0Number of asset objects unloaded after import = 1

========================================================================
Received Import Request.
  Time since last request: 0.000019 seconds.
  path: Assets/PolygonFarm/Materials/Misc/PolygonFarm_Glass.mat
  artifactKey: Guid(5ad23908d1f12ef408aa3e1fffa3edb1) Importer(2089858483,934ff659095e30574adcf32a4c2f97b5)
Start importing Assets/PolygonFarm/Materials/Misc/PolygonFarm_Glass.mat using Guid(5ad23908d1f12ef408aa3e1fffa3edb1) Importer(2089858483,934ff659095e30574adcf32a4c2f97b5) (ScriptedImporter) -> (artifact id: '5026fe3c9a404b1cfce6a8ba05593dc1') in 0.0160027 seconds
Number of updated asset objects reloaded before import = 0Number of asset objects unloaded after import = 1

========================================================================
Received Import Request.
  Time since last request: 0.000023 seconds.
  path: Assets/TextMesh Pro/Examples & Extras/Scenes/20 - Input Field with Scrollbar.unity
  artifactKey: Guid(337f92480dd24675aae9e79210fb1ad9) Importer(2089858483,934ff659095e30574adcf32a4c2f97b5)
Start importing Assets/TextMesh Pro/Examples & Extras/Scenes/20 - Input Field with Scrollbar.unity using Guid(337f92480dd24675aae9e79210fb1ad9) Importer(2089858483,934ff659095e30574adcf32a4c2f97b5) (ScriptedImporter) -> (artifact id: 'd3902e924c9443aab9d603ca186d6359') in 0.0214594 seconds
Number of updated asset objects reloaded before import = 0Number of asset objects unloaded after import = 1

========================================================================
Received Import Request.
  Time since last request: 0.000024 seconds.
  path: Assets/TextMesh Pro/Examples & Extras/Scenes/15 - Inline Graphics & Sprites.unity
  artifactKey: Guid(e76e6c0f81964cbda3fe0b7d26ed8060) Importer(2089858483,934ff659095e30574adcf32a4c2f97b5)
Start importing Assets/TextMesh Pro/Examples & Extras/Scenes/15 - Inline Graphics & Sprites.unity using Guid(e76e6c0f81964cbda3fe0b7d26ed8060) Importer(2089858483,934ff659095e30574adcf32a4c2f97b5) (ScriptedImporter) -> (artifact id: 'e90618896086b147f5a2402c38ce00d9') in 0.0156497 seconds
Number of updated asset objects reloaded before import = 0Number of asset objects unloaded after import = 1

========================================================================
Received Import Request.
  Time since last request: 0.000021 seconds.
  path: Assets/Materials/Green.mat
  artifactKey: Guid(8fe8d3ee7329e804da4fa1662a5043ce) Importer(2089858483,934ff659095e30574adcf32a4c2f97b5)
Start importing Assets/Materials/Green.mat using Guid(8fe8d3ee7329e804da4fa1662a5043ce) Importer(2089858483,934ff659095e30574adcf32a4c2f97b5) (ScriptedImporter) -> (artifact id: 'e900e7f694838b74300689a87c712a53') in 0.0159927 seconds
Number of updated asset objects reloaded before import = 0Number of asset objects unloaded after import = 1

========================================================================
Received Import Request.
  Time since last request: 0.000037 seconds.
  path: Assets/TextMesh Pro/Examples & Extras/Scenes/12 - Link Example.unity
  artifactKey: Guid(9747140c28254be2adc582210dfb89b8) Importer(2089858483,934ff659095e30574adcf32a4c2f97b5)
Start importing Assets/TextMesh Pro/Examples & Extras/Scenes/12 - Link Example.unity using Guid(9747140c28254be2adc582210dfb89b8) Importer(2089858483,934ff659095e30574adcf32a4c2f97b5) (ScriptedImporter) -> (artifact id: '9e0af564eb45d12e8751e8707e9b8a78') in 0.0245688 seconds
Number of updated asset objects reloaded before import = 0Number of asset objects unloaded after import = 1

========================================================================
Received Import Request.
  Time since last request: 0.000029 seconds.
  path: Assets/PolygonFarm/Materials/Alts/PolygonFarm_03_B.mat
  artifactKey: Guid(3503af801ab3525419a179b6ea5dc5f6) Importer(2089858483,934ff659095e30574adcf32a4c2f97b5)
Start importing Assets/PolygonFarm/Materials/Alts/PolygonFarm_03_B.mat using Guid(3503af801ab3525419a179b6ea5dc5f6) Importer(2089858483,934ff659095e30574adcf32a4c2f97b5) (ScriptedImporter) -> (artifact id: '9d4465f61cd68a2637689295a6c24625') in 0.0211048 seconds
Number of updated asset objects reloaded before import = 0Number of asset objects unloaded after import = 1

Editor requested this worker to shutdown with reason: Scaling down because of idle timeout
AssetImportWorker is now disconnected from the server
Process exiting
Exiting without the bug reporter. Application will terminate with return code 0